0 info it worked if it ends with ok
1 verbose cli [ 'C:\\Program Files\\nodejs\\node.exe',
1 verbose cli   'C:\\Program Files\\nodejs\\node_modules\\npm\\bin\\npm-cli.js',
1 verbose cli   'install',
1 verbose cli   'angular',
1 verbose cli   'angular-route',
1 verbose cli   '-',
1 verbose cli   '-save' ]
2 info using npm@3.10.10
3 info using node@v6.10.3
4 silly loadCurrentTree Starting
5 silly install loadCurrentTree
6 silly install readLocalPackageData
7 silly fetchPackageMetaData angular
8 silly fetchPackageMetaData angular-route
9 silly fetchPackageMetaData -
10 silly fetchOtherPackageData angular
11 silly cache add args [ 'angular', null ]
12 verbose cache add spec angular
13 silly fetchNamedPackageData angular-route
14 silly mapToRegistry name angular-route
15 silly mapToRegistry using default registry
16 silly mapToRegistry registry https://registry.npmjs.org/
17 silly mapToRegistry data Result {
17 silly mapToRegistry   raw: 'angular-route',
17 silly mapToRegistry   scope: null,
17 silly mapToRegistry   escapedName: 'angular-route',
17 silly mapToRegistry   name: 'angular-route',
17 silly mapToRegistry   rawSpec: '',
17 silly mapToRegistry   spec: 'latest',
17 silly mapToRegistry   type: 'tag' }
18 silly mapToRegistry uri https://registry.npmjs.org/angular-route
19 silly fetchOtherPackageData -
20 silly cache add args [ '-', null ]
21 verbose cache add spec -
22 silly cache add parsed spec Result {
22 silly cache add   raw: 'angular',
22 silly cache add   scope: null,
22 silly cache add   escapedName: 'angular',
22 silly cache add   name: null,
22 silly cache add   rawSpec: 'angular',
22 silly cache add   spec: 'E:\\studs\\public\\angular',
22 silly cache add   type: 'local' }
23 silly cache add parsed spec Result {
23 silly cache add   raw: '-',
23 silly cache add   scope: null,
23 silly cache add   escapedName: null,
23 silly cache add   name: null,
23 silly cache add   rawSpec: '-',
23 silly cache add   spec: 'E:\\studs\\public\\-',
23 silly cache add   type: 'local' }
24 error addLocal Could not install E:\studs\public\-
25 silly fetchPackageMetaData Error: ENOENT: no such file or directory, open 'E:\studs\public\-'
25 silly fetchPackageMetaData     at Error (native)
25 silly fetchPackageMetaData  error for - { Error: ENOENT: no such file or directory, open 'E:\studs\public\-'
25 silly fetchPackageMetaData     at Error (native)
25 silly fetchPackageMetaData   errno: -4058,
25 silly fetchPackageMetaData   code: 'ENOENT',
25 silly fetchPackageMetaData   syscall: 'open',
25 silly fetchPackageMetaData   path: 'E:\\studs\\public\\-' }
26 silly addLocalTarball shasum (computed) 02ba3413e759f31b9d839126542e9bd1f3c80c44
27 verbose addTmpTarball E:\studs\public\angular not in flight; adding
28 verbose correctMkdir C:\Users\贺亚伟\AppData\Roaming\npm-cache correctMkdir not in flight; initializing
29 verbose request uri https://registry.npmjs.org/angular-route
30 verbose request no auth needed
31 info attempt registry request try #1 at 20:07:01
32 verbose request id d88da4b890b93028
33 verbose etag W/"58e7a729-17d06"
34 verbose lastModified Fri, 07 Apr 2017 14:50:17 GMT
35 http request GET https://registry.npmjs.org/angular-route
36 verbose addTmpTarball validating metadata from E:\studs\public\angular
37 verbose tar unpack E:\studs\public\angular
38 verbose tar unpacking to C:\Users\贺亚伟\AppData\Local\Temp\npm-9468-83487657\unpack-30d7fc40
39 silly gentlyRm C:\Users\贺亚伟\AppData\Local\Temp\npm-9468-83487657\unpack-30d7fc40 is being purged
40 verbose gentlyRm don't care about contents; nuking C:\Users\贺亚伟\AppData\Local\Temp\npm-9468-83487657\unpack-30d7fc40
41 silly gunzTarPerm modes [ '777', '666' ]
42 error not a package E:\studs\public\angular
43 error addLocal Could not install E:\studs\public\angular
44 silly fetchPackageMetaData Error: ENOENT: no such file or directory, open 'C:\Users\贺亚伟\AppData\Local\Temp\npm-9468-83487657\unpack-30d7fc40\package.json'
44 silly fetchPackageMetaData     at Error (native)
44 silly fetchPackageMetaData  error for angular { Error: ENOENT: no such file or directory, open 'C:\Users\贺亚伟\AppData\Local\Temp\npm-9468-83487657\unpack-30d7fc40\package.json'
44 silly fetchPackageMetaData     at Error (native)
44 silly fetchPackageMetaData   errno: -4058,
44 silly fetchPackageMetaData   code: 'ENOENT',
44 silly fetchPackageMetaData   syscall: 'open',
44 silly fetchPackageMetaData   path: 'C:\\Users\\贺亚伟\\AppData\\Local\\Temp\\npm-9468-83487657\\unpack-30d7fc40\\package.json' }
45 info retry will retry, error on last attempt: Error: connect ETIMEDOUT 151.101.72.162:443
46 info attempt registry request try #2 at 20:07:33
47 verbose etag W/"58e7a729-17d06"
48 verbose lastModified Fri, 07 Apr 2017 14:50:17 GMT
49 http request GET https://registry.npmjs.org/angular-route
50 info retry will retry, error on last attempt: Error: connect ETIMEDOUT 151.101.72.162:443
51 info attempt registry request try #3 at 20:08:54
52 verbose etag W/"58e7a729-17d06"
53 verbose lastModified Fri, 07 Apr 2017 14:50:17 GMT
54 http request GET https://registry.npmjs.org/angular-route
55 http 304 https://registry.npmjs.org/angular-route
56 verbose headers { date: 'Thu, 11 May 2017 12:09:38 GMT',
56 verbose headers   via: '1.1 varnish',
56 verbose headers   'cache-control': 'max-age=300',
56 verbose headers   etag: 'W/"58e7a729-17d06"',
56 verbose headers   age: '0',
56 verbose headers   connection: 'keep-alive',
56 verbose headers   'x-served-by': 'cache-nrt6123-NRT',
56 verbose headers   'x-cache': 'HIT',
56 verbose headers   'x-cache-hits': '1',
56 verbose headers   'x-timer': 'S1494504578.009403,VS0,VE492',
56 verbose headers   vary: 'Accept-Encoding' }
57 silly get cb [ 304,
57 silly get   { date: 'Thu, 11 May 2017 12:09:38 GMT',
57 silly get     via: '1.1 varnish',
57 silly get     'cache-control': 'max-age=300',
57 silly get     etag: 'W/"58e7a729-17d06"',
57 silly get     age: '0',
57 silly get     connection: 'keep-alive',
57 silly get     'x-served-by': 'cache-nrt6123-NRT',
57 silly get     'x-cache': 'HIT',
57 silly get     'x-cache-hits': '1',
57 silly get     'x-timer': 'S1494504578.009403,VS0,VE492',
57 silly get     vary: 'Accept-Encoding' } ]
58 verbose etag https://registry.npmjs.org/angular-route from cache
59 verbose get saving angular-route to C:\Users\贺亚伟\AppData\Roaming\npm-cache\registry.npmjs.org\angular-route\.cache.json
60 verbose correctMkdir C:\Users\贺亚伟\AppData\Roaming\npm-cache correctMkdir not in flight; initializing
61 silly rollbackFailedOptional Starting
62 silly rollbackFailedOptional Finishing
63 silly runTopLevelLifecycles Finishing
64 silly install printInstalled
65 verbose stack Error: ENOENT: no such file or directory, open 'E:\studs\public\-'
65 verbose stack     at Error (native)
66 verbose cwd E:\studs\public
67 error Windows_NT 10.0.15063
68 error argv "C:\\Program Files\\nodejs\\node.exe" "C:\\Program Files\\nodejs\\node_modules\\npm\\bin\\npm-cli.js" "install" "angular" "angular-route" "-" "-save"
69 error node v6.10.3
70 error npm  v3.10.10
71 error path E:\studs\public\-
72 error code ENOENT
73 error errno -4058
74 error syscall open
75 error enoent ENOENT: no such file or directory, open 'E:\studs\public\-'
76 error enoent ENOENT: no such file or directory, open 'E:\studs\public\-'
76 error enoent This is most likely not a problem with npm itself
76 error enoent and is related to npm not being able to find a file.
77 verbose exit [ -4058, true ]
